# JRE version: OpenJDK Runtime Environment (11.0.13+8) (build 11.0.13+8-Ubuntu-0ubuntu1.18.04)
# Java VM: OpenJDK 64-Bit Server VM (11.0.13+8-Ubuntu-0ubuntu1.18.04, mixed mode, tiered, compressed oops, g1 gc, linux-amd64)
Heap:
 garbage-first heap   total 176128K, used 84562K [0x000000008d800000, 0x0000000100000000)
  region size 1024K, 12 young (12288K), 1 survivors (1024K)
 Metaspace       used 48261K, capacity 49217K, committed 49664K, reserved 1093632K
  class space    used 5235K, capacity 5623K, committed 5632K, reserved 1048576K
GC Heap History (20 events):
Event: 4,911 GC heap before
{Heap before GC invocations=9 (full 0):
 garbage-first heap   total 118784K, used 75524K [0x000000008d800000, 0x0000000100000000)
  region size 1024K, 19 young (19456K), 3 survivors (3072K)
 Metaspace       used 38306K, capacity 39071K, committed 39424K, reserved 1083392K
  class space    used 4277K, capacity 4599K, committed 4608K, reserved 1048576K
}
Event: 4,920 GC heap after
{Heap after GC invocations=10 (full 0):
 garbage-first heap   total 118784K, used 62692K [0x000000008d800000, 0x0000000100000000)
  region size 1024K, 3 young (3072K), 3 survivors (3072K)
 Metaspace       used 38306K, capacity 39071K, committed 39424K, reserved 1083392K
  class space    used 4277K, capacity 4599K, committed 4608K, reserved 1048576K
}
Event: 5,036 GC heap before
{Heap before GC invocations=11 (full 0):
 garbage-first heap   total 118784K, used 70884K [0x000000008d800000, 0x0000000100000000)
  region size 1024K, 12 young (12288K), 3 survivors (3072K)
 Metaspace       used 39312K, capacity 40135K, committed 40576K, reserved 1085440K
  class space    used 4380K, capacity 4715K, committed 4736K, reserved 1048576K
}
Event: 5,043 GC heap after
{Heap after GC invocations=12 (full 0):
 garbage-first heap   total 143360K, used 65721K [0x000000008d800000, 0x0000000100000000)
  region size 1024K, 3 young (3072K), 3 survivors (3072K)
 Metaspace       used 39312K, capacity 40135K, committed 40576K, reserved 1085440K
  class space    used 4380K, capacity 4715K, committed 4736K, reserved 1048576K
}
Event: 5,127 GC heap before
{Heap before GC invocations=13 (full 0):
 garbage-first heap   total 143360K, used 69817K [0x000000008d800000, 0x0000000100000000)
  region size 1024K, 8 young (8192K), 3 survivors (3072K)
 Metaspace       used 40166K, capacity 41018K, committed 41472K, reserved 1085440K
  class space    used 4456K, capacity 4817K, committed 4864K, reserved 1048576K
}
Event: 5,131 GC heap after
{Heap after GC invocations=14 (full 0):
 garbage-first heap   total 143360K, used 67949K [0x000000008d800000, 0x0000000100000000)
  region size 1024K, 2 young (2048K), 2 survivors (2048K)
 Metaspace       used 40166K, capacity 41018K, committed 41472K, reserved 1085440K
  class space    used 4456K, capacity 4817K, committed 4864K, reserved 1048576K
}
Event: 66,515 GC heap before
{Heap before GC invocations=15 (full 0):
 garbage-first heap   total 143360K, used 84333K [0x000000008d800000, 0x0000000100000000)
  region size 1024K, 19 young (19456K), 2 survivors (2048K)
 Metaspace       used 45486K, capacity 46329K, committed 46848K, reserved 1091584K
  class space    used 4998K, capacity 5367K, committed 5376K, reserved 1048576K
}
Event: 66,520 GC heap after
{Heap after GC invocations=16 (full 0):
 garbage-first heap   total 143360K, used 70351K [0x000000008d800000, 0x0000000100000000)
  region size 1024K, 4 young (4096K), 4 survivors (4096K)
 Metaspace       used 45486K, capacity 46329K, committed 46848K, reserved 1091584K
  class space    used 4998K, capacity 5367K, committed 5376K, reserved 1048576K
}
Event: 66,629 GC heap before
{Heap before GC invocations=17 (full 0):
 garbage-first heap   total 143360K, used 71375K [0x000000008d800000, 0x0000000100000000)
  region size 1024K, 6 young (6144K), 4 survivors (4096K)
 Metaspace       used 45531K, capacity 46457K, committed 46848K, reserved 1091584K
  class space    used 5002K, capacity 5367K, committed 5376K, reserved 1048576K
}
Event: 66,633 GC heap after
{Heap after GC invocations=18 (full 0):
 garbage-first heap   total 143360K, used 70877K [0x000000008d800000, 0x0000000100000000)
  region size 1024K, 1 young (1024K), 1 survivors (1024K)
 Metaspace       used 45531K, capacity 46457K, committed 46848K, reserved 1091584K
  class space    used 5002K, capacity 5367K, committed 5376K, reserved 1048576K
}
Event: 66,848 GC heap before
{Heap before GC invocations=19 (full 0):
 garbage-first heap   total 169984K, used 169181K [0x000000008d800000, 0x0000000100000000)
  region size 1024K, 8 young (8192K), 1 survivors (1024K)
 Metaspace       used 45557K, capacity 46457K, committed 46848K, reserved 1091584K
  class space    used 5002K, capacity 5367K, committed 5376K, reserved 1048576K
}
Event: 66,855 GC heap after
{Heap after GC invocations=20 (full 0):
 garbage-first heap   total 176128K, used 76684K [0x000000008d800000, 0x0000000100000000)
  region size 1024K, 4 young (4096K), 4 survivors (4096K)
 Metaspace       used 45557K, capacity 46457K, committed 46848K, reserved 1091584K
  class space    used 5002K, capacity 5367K, committed 5376K, reserved 1048576K
}
Event: 88,933 GC heap before
{Heap before GC invocations=20 (full 0):
 garbage-first heap   total 176128K, used 116620K [0x000000008d800000, 0x0000000100000000)
  region size 1024K, 43 young (44032K), 4 survivors (4096K)
 Metaspace       used 46901K, capacity 47803K, committed 48384K, reserved 1091584K
  class space    used 5168K, capacity 5536K, committed 5632K, reserved 1048576K
}
Event: 88,950 GC heap after
{Heap after GC invocations=21 (full 0):
 garbage-first heap   total 176128K, used 108116K [0x000000008d800000, 0x0000000100000000)
  region size 1024K, 6 young (6144K), 6 survivors (6144K)
 Metaspace       used 46901K, capacity 47803K, committed 48384K, reserved 1091584K
  class space    used 5168K, capacity 5536K, committed 5632K, reserved 1048576K
}
Event: 367,916 GC heap before
{Heap before GC invocations=21 (full 0):
 garbage-first heap   total 176128K, used 127572K [0x000000008d800000, 0x0000000100000000)
  region size 1024K, 26 young (26624K), 6 survivors (6144K)
 Metaspace       used 47803K, capacity 48769K, committed 49152K, reserved 1093632K
  class space    used 5215K, capacity 5580K, committed 5632K, reserved 1048576K
}
Event: 367,922 GC heap after
{Heap after GC invocations=22 (full 0):
 garbage-first heap   total 176128K, used 111282K [0x000000008d800000, 0x0000000100000000)
  region size 1024K, 2 young (2048K), 2 survivors (2048K)
 Metaspace       used 47803K, capacity 48769K, committed 49152K, reserved 1093632K
  class space    used 5215K, capacity 5580K, committed 5632K, reserved 1048576K
}
Event: 1017,950 GC heap before
{Heap before GC invocations=23 (full 0):
 garbage-first heap   total 176128K, used 102066K [0x000000008d800000, 0x0000000100000000)
  region size 1024K, 22 young (22528K), 2 survivors (2048K)
 Metaspace       used 48208K, capacity 49217K, committed 49664K, reserved 1093632K
  class space    used 5234K, capacity 5623K, committed 5632K, reserved 1048576K
}
Event: 1017,952 GC heap after
{Heap after GC invocations=24 (full 0):
 garbage-first heap   total 176128K, used 81247K [0x000000008d800000, 0x0000000100000000)
  region size 1024K, 1 young (1024K), 1 survivors (1024K)
 Metaspace       used 48208K, capacity 49217K, committed 49664K, reserved 1093632K
  class space    used 5234K, capacity 5623K, committed 5632K, reserved 1048576K
}
Event: 1802,986 GC heap before
{Heap before GC invocations=24 (full 0):
 garbage-first heap   total 176128K, used 88415K [0x000000008d800000, 0x0000000100000000)
  region size 1024K, 8 young (8192K), 1 survivors (1024K)
 Metaspace       used 48247K, capacity 49217K, committed 49664K, reserved 1093632K
  class space    used 5235K, capacity 5623K, committed 5632K, reserved 1048576K
}
Event: 1802,989 GC heap after
{Heap after GC invocations=25 (full 0):
 garbage-first heap   total 176128K, used 74322K [0x000000008d800000, 0x0000000100000000)
  region size 1024K, 1 young (1024K), 1 survivors (1024K)
 Metaspace       used 48247K, capacity 49217K, committed 49664K, reserved 1093632K
  class space    used 5235K, capacity 5623K, committed 5632K, reserved 1048576K
}

