# JRE version: OpenJDK Runtime Environment (11.0.11+9) (build 11.0.11+9-Ubuntu-0ubuntu2.18.04)
# Java VM: OpenJDK 64-Bit Server VM (11.0.11+9-Ubuntu-0ubuntu2.18.04, mixed mode, tiered, compressed oops, g1 gc, linux-amd64)
Heap:
 garbage-first heap   total 198656K, used 154736K [0x000000008d800000, 0x0000000100000000)
  region size 1024K, 61 young (62464K), 4 survivors (4096K)
 Metaspace       used 55406K, capacity 56157K, committed 57472K, reserved 1099776K
  class space    used 6180K, capacity 6468K, committed 6784K, reserved 1048576K
GC Heap History (20 events):
Event: 2453,437 GC heap before
{Heap before GC invocations=37 (full 0):
 garbage-first heap   total 198656K, used 129776K [0x000000008d800000, 0x0000000100000000)
  region size 1024K, 38 young (38912K), 1 survivors (1024K)
 Metaspace       used 54355K, capacity 55159K, committed 56448K, reserved 1099776K
  class space    used 6159K, capacity 6455K, committed 6784K, reserved 1048576K
}
Event: 2453,440 GC heap after
{Heap after GC invocations=38 (full 0):
 garbage-first heap   total 198656K, used 93096K [0x000000008d800000, 0x0000000100000000)
  region size 1024K, 2 young (2048K), 2 survivors (2048K)
 Metaspace       used 54355K, capacity 55159K, committed 56448K, reserved 1099776K
  class space    used 6159K, capacity 6455K, committed 6784K, reserved 1048576K
}
Event: 2477,990 GC heap before
{Heap before GC invocations=38 (full 0):
 garbage-first heap   total 198656K, used 100264K [0x000000008d800000, 0x0000000100000000)
  region size 1024K, 9 young (9216K), 2 survivors (2048K)
 Metaspace       used 54356K, capacity 55159K, committed 56448K, reserved 1099776K
  class space    used 6159K, capacity 6455K, committed 6784K, reserved 1048576K
}
Event: 2477,993 GC heap after
{Heap after GC invocations=39 (full 0):
 garbage-first heap   total 198656K, used 82877K [0x000000008d800000, 0x0000000100000000)
  region size 1024K, 2 young (2048K), 2 survivors (2048K)
 Metaspace       used 54356K, capacity 55159K, committed 56448K, reserved 1099776K
  class space    used 6159K, capacity 6455K, committed 6784K, reserved 1048576K
}
Event: 2643,474 GC heap before
{Heap before GC invocations=39 (full 0):
 garbage-first heap   total 198656K, used 134077K [0x000000008d800000, 0x0000000100000000)
  region size 1024K, 52 young (53248K), 2 survivors (2048K)
 Metaspace       used 54418K, capacity 55223K, committed 56448K, reserved 1099776K
  class space    used 6162K, capacity 6455K, committed 6784K, reserved 1048576K
}
Event: 2643,477 GC heap after
{Heap after GC invocations=40 (full 0):
 garbage-first heap   total 198656K, used 82889K [0x000000008d800000, 0x0000000100000000)
  region size 1024K, 2 young (2048K), 2 survivors (2048K)
 Metaspace       used 54418K, capacity 55223K, committed 56448K, reserved 1099776K
  class space    used 6162K, capacity 6455K, committed 6784K, reserved 1048576K
}
Event: 3457,178 GC heap before
{Heap before GC invocations=40 (full 0):
 garbage-first heap   total 198656K, used 139209K [0x000000008d800000, 0x0000000100000000)
  region size 1024K, 57 young (58368K), 2 survivors (2048K)
 Metaspace       used 54776K, capacity 55662K, committed 56704K, reserved 1099776K
  class space    used 6208K, capacity 6537K, committed 6784K, reserved 1048576K
}
Event: 3457,179 GC heap after
{Heap after GC invocations=41 (full 0):
 garbage-first heap   total 198656K, used 83111K [0x000000008d800000, 0x0000000100000000)
  region size 1024K, 2 young (2048K), 2 survivors (2048K)
 Metaspace       used 54776K, capacity 55662K, committed 56704K, reserved 1099776K
  class space    used 6208K, capacity 6537K, committed 6784K, reserved 1048576K
}
Event: 3911,342 GC heap before
{Heap before GC invocations=41 (full 0):
 garbage-first heap   total 198656K, used 147623K [0x000000008d800000, 0x0000000100000000)
  region size 1024K, 60 young (61440K), 2 survivors (2048K)
 Metaspace       used 55189K, capacity 56047K, committed 57216K, reserved 1099776K
  class space    used 6214K, capacity 6537K, committed 6784K, reserved 1048576K
}
Event: 3911,347 GC heap after
{Heap after GC invocations=42 (full 0):
 garbage-first heap   total 198656K, used 90664K [0x000000008d800000, 0x0000000100000000)
  region size 1024K, 3 young (3072K), 3 survivors (3072K)
 Metaspace       used 55189K, capacity 56047K, committed 57216K, reserved 1099776K
  class space    used 6214K, capacity 6537K, committed 6784K, reserved 1048576K
}
Event: 4068,562 GC heap before
{Heap before GC invocations=42 (full 0):
 garbage-first heap   total 198656K, used 151080K [0x000000008d800000, 0x0000000100000000)
  region size 1024K, 62 young (63488K), 3 survivors (3072K)
 Metaspace       used 55328K, capacity 56176K, committed 57216K, reserved 1099776K
  class space    used 6214K, capacity 6537K, committed 6784K, reserved 1048576K
}
Event: 4068,565 GC heap after
{Heap after GC invocations=43 (full 0):
 garbage-first heap   total 198656K, used 89601K [0x000000008d800000, 0x0000000100000000)
  region size 1024K, 3 young (3072K), 3 survivors (3072K)
 Metaspace       used 55328K, capacity 56176K, committed 57216K, reserved 1099776K
  class space    used 6214K, capacity 6537K, committed 6784K, reserved 1048576K
}
Event: 4232,467 GC heap before
{Heap before GC invocations=43 (full 0):
 garbage-first heap   total 198656K, used 151041K [0x000000008d800000, 0x0000000100000000)
  region size 1024K, 63 young (64512K), 3 survivors (3072K)
 Metaspace       used 55355K, capacity 56176K, committed 57216K, reserved 1099776K
  class space    used 6214K, capacity 6537K, committed 6784K, reserved 1048576K
}
Event: 4232,470 GC heap after
{Heap after GC invocations=44 (full 0):
 garbage-first heap   total 198656K, used 89627K [0x000000008d800000, 0x0000000100000000)
  region size 1024K, 3 young (3072K), 3 survivors (3072K)
 Metaspace       used 55355K, capacity 56176K, committed 57216K, reserved 1099776K
  class space    used 6214K, capacity 6537K, committed 6784K, reserved 1048576K
}
Event: 4405,978 GC heap before
{Heap before GC invocations=44 (full 0):
 garbage-first heap   total 198656K, used 153115K [0x000000008d800000, 0x0000000100000000)
  region size 1024K, 65 young (66560K), 3 survivors (3072K)
 Metaspace       used 55357K, capacity 56176K, committed 57216K, reserved 1099776K
  class space    used 6214K, capacity 6537K, committed 6784K, reserved 1048576K
}
Event: 4405,981 GC heap after
{Heap after GC invocations=45 (full 0):
 garbage-first heap   total 198656K, used 89672K [0x000000008d800000, 0x0000000100000000)
  region size 1024K, 3 young (3072K), 3 survivors (3072K)
 Metaspace       used 55357K, capacity 56176K, committed 57216K, reserved 1099776K
  class space    used 6214K, capacity 6537K, committed 6784K, reserved 1048576K
}
Event: 4586,333 GC heap before
{Heap before GC invocations=45 (full 0):
 garbage-first heap   total 198656K, used 155208K [0x000000008d800000, 0x0000000100000000)
  region size 1024K, 67 young (68608K), 3 survivors (3072K)
 Metaspace       used 55357K, capacity 56176K, committed 57216K, reserved 1099776K
  class space    used 6214K, capacity 6537K, committed 6784K, reserved 1048576K
}
Event: 4586,336 GC heap after
{Heap after GC invocations=46 (full 0):
 garbage-first heap   total 198656K, used 89873K [0x000000008d800000, 0x0000000100000000)
  region size 1024K, 3 young (3072K), 3 survivors (3072K)
 Metaspace       used 55357K, capacity 56176K, committed 57216K, reserved 1099776K
  class space    used 6214K, capacity 6537K, committed 6784K, reserved 1048576K
}
Event: 4869,924 GC heap before
{Heap before GC invocations=46 (full 0):
 garbage-first heap   total 198656K, used 156433K [0x000000008d800000, 0x0000000100000000)
  region size 1024K, 67 young (68608K), 3 survivors (3072K)
 Metaspace       used 55392K, capacity 56240K, committed 57216K, reserved 1099776K
  class space    used 6214K, capacity 6537K, committed 6784K, reserved 1048576K
}
Event: 4869,928 GC heap after
{Heap after GC invocations=47 (full 0):
 garbage-first heap   total 198656K, used 92272K [0x000000008d800000, 0x0000000100000000)
  region size 1024K, 4 young (4096K), 4 survivors (4096K)
 Metaspace       used 55392K, capacity 56240K, committed 57216K, reserved 1099776K
  class space    used 6214K, capacity 6537K, committed 6784K, reserved 1048576K
}

