# JRE version: OpenJDK Runtime Environment (11.0.13+8) (build 11.0.13+8-Ubuntu-0ubuntu1.18.04)
# Java VM: OpenJDK 64-Bit Server VM (11.0.13+8-Ubuntu-0ubuntu1.18.04, mixed mode, tiered, compressed oops, g1 gc, linux-amd64)
Heap:
 garbage-first heap   total 194560K, used 99198K [0x000000008d800000, 0x0000000100000000)
  region size 1024K, 5 young (5120K), 3 survivors (3072K)
 Metaspace       used 49623K, capacity 50368K, committed 51456K, reserved 1095680K
  class space    used 5289K, capacity 5576K, committed 5888K, reserved 1048576K
GC Heap History (20 events):
Event: 789,470 GC heap before
{Heap before GC invocations=25 (full 0):
 garbage-first heap   total 194560K, used 123052K [0x000000008d800000, 0x0000000100000000)
  region size 1024K, 44 young (45056K), 1 survivors (1024K)
 Metaspace       used 49135K, capacity 50180K, committed 50688K, reserved 1093632K
  class space    used 5364K, capacity 5768K, committed 5888K, reserved 1048576K
}
Event: 789,472 GC heap after
{Heap after GC invocations=26 (full 0):
 garbage-first heap   total 194560K, used 79117K [0x000000008d800000, 0x0000000100000000)
  region size 1024K, 1 young (1024K), 1 survivors (1024K)
 Metaspace       used 49135K, capacity 50180K, committed 50688K, reserved 1093632K
  class space    used 5364K, capacity 5768K, committed 5888K, reserved 1048576K
}
Event: 925,397 GC heap before
{Heap before GC invocations=26 (full 0):
 garbage-first heap   total 194560K, used 127245K [0x000000008d800000, 0x0000000100000000)
  region size 1024K, 48 young (49152K), 1 survivors (1024K)
 Metaspace       used 49270K, capacity 50245K, committed 50688K, reserved 1093632K
  class space    used 5364K, capacity 5768K, committed 5888K, reserved 1048576K
}
Event: 925,400 GC heap after
{Heap after GC invocations=27 (full 0):
 garbage-first heap   total 194560K, used 79475K [0x000000008d800000, 0x0000000100000000)
  region size 1024K, 1 young (1024K), 1 survivors (1024K)
 Metaspace       used 49270K, capacity 50245K, committed 50688K, reserved 1093632K
  class space    used 5364K, capacity 5768K, committed 5888K, reserved 1048576K
}
Event: 1095,374 GC heap before
{Heap before GC invocations=27 (full 0):
 garbage-first heap   total 194560K, used 131699K [0x000000008d800000, 0x0000000100000000)
  region size 1024K, 52 young (53248K), 1 survivors (1024K)
 Metaspace       used 49362K, capacity 50374K, committed 50688K, reserved 1093632K
  class space    used 5369K, capacity 5768K, committed 5888K, reserved 1048576K
}
Event: 1095,376 GC heap after
{Heap after GC invocations=28 (full 0):
 garbage-first heap   total 194560K, used 79658K [0x000000008d800000, 0x0000000100000000)
  region size 1024K, 2 young (2048K), 2 survivors (2048K)
 Metaspace       used 49362K, capacity 50374K, committed 50688K, reserved 1093632K
  class space    used 5369K, capacity 5768K, committed 5888K, reserved 1048576K
}
Event: 1302,709 GC heap before
{Heap before GC invocations=28 (full 0):
 garbage-first heap   total 194560K, used 139050K [0x000000008d800000, 0x0000000100000000)
  region size 1024K, 57 young (58368K), 2 survivors (2048K)
 Metaspace       used 49641K, capacity 50613K, committed 50944K, reserved 1093632K
  class space    used 5393K, capacity 5805K, committed 5888K, reserved 1048576K
}
Event: 1302,712 GC heap after
{Heap after GC invocations=29 (full 0):
 garbage-first heap   total 194560K, used 84246K [0x000000008d800000, 0x0000000100000000)
  region size 1024K, 4 young (4096K), 4 survivors (4096K)
 Metaspace       used 49641K, capacity 50613K, committed 50944K, reserved 1093632K
  class space    used 5393K, capacity 5805K, committed 5888K, reserved 1048576K
}
Event: 1482,360 GC heap before
{Heap before GC invocations=29 (full 0):
 garbage-first heap   total 194560K, used 154902K [0x000000008d800000, 0x0000000100000000)
  region size 1024K, 68 young (69632K), 4 survivors (4096K)
 Metaspace       used 49832K, capacity 50779K, committed 51200K, reserved 1095680K
  class space    used 5414K, capacity 5817K, committed 5888K, reserved 1048576K
}
Event: 1482,364 GC heap after
{Heap after GC invocations=30 (full 0):
 garbage-first heap   total 194560K, used 91650K [0x000000008d800000, 0x0000000100000000)
  region size 1024K, 5 young (5120K), 5 survivors (5120K)
 Metaspace       used 49832K, capacity 50779K, committed 51200K, reserved 1095680K
  class space    used 5414K, capacity 5817K, committed 5888K, reserved 1048576K
}
Event: 1626,946 GC heap before
{Heap before GC invocations=30 (full 0):
 garbage-first heap   total 194560K, used 148994K [0x000000008d800000, 0x0000000100000000)
  region size 1024K, 62 young (63488K), 5 survivors (5120K)
 Metaspace       used 49915K, capacity 50913K, committed 51200K, reserved 1095680K
  class space    used 5414K, capacity 5819K, committed 5888K, reserved 1048576K
}
Event: 1626,950 GC heap after
{Heap after GC invocations=31 (full 0):
 garbage-first heap   total 194560K, used 90638K [0x000000008d800000, 0x0000000100000000)
  region size 1024K, 7 young (7168K), 7 survivors (7168K)
 Metaspace       used 49915K, capacity 50913K, committed 51200K, reserved 1095680K
  class space    used 5414K, capacity 5819K, committed 5888K, reserved 1048576K
}
Event: 1774,330 GC heap before
{Heap before GC invocations=32 (full 0):
 garbage-first heap   total 194560K, used 164366K [0x000000008d800000, 0x0000000100000000)
  region size 1024K, 70 young (71680K), 7 survivors (7168K)
 Metaspace       used 50073K, capacity 51105K, committed 51456K, reserved 1095680K
  class space    used 5414K, capacity 5819K, committed 5888K, reserved 1048576K
}
Event: 1774,335 GC heap after
{Heap after GC invocations=33 (full 0):
 garbage-first heap   total 194560K, used 99396K [0x000000008d800000, 0x0000000100000000)
  region size 1024K, 6 young (6144K), 6 survivors (6144K)
 Metaspace       used 50073K, capacity 51105K, committed 51456K, reserved 1095680K
  class space    used 5414K, capacity 5819K, committed 5888K, reserved 1048576K
}
Event: 1781,701 GC heap before
{Heap before GC invocations=33 (full 0):
 garbage-first heap   total 194560K, used 102468K [0x000000008d800000, 0x0000000100000000)
  region size 1024K, 9 young (9216K), 6 survivors (6144K)
 Metaspace       used 50073K, capacity 51105K, committed 51456K, reserved 1095680K
  class space    used 5414K, capacity 5819K, committed 5888K, reserved 1048576K
}
Event: 1781,704 GC heap after
{Heap after GC invocations=34 (full 0):
 garbage-first heap   total 194560K, used 90672K [0x000000008d800000, 0x0000000100000000)
  region size 1024K, 1 young (1024K), 1 survivors (1024K)
 Metaspace       used 50073K, capacity 51105K, committed 51456K, reserved 1095680K
  class space    used 5414K, capacity 5819K, committed 5888K, reserved 1048576K
}
Event: 1969,530 GC heap before
{Heap before GC invocations=34 (full 0):
 garbage-first heap   total 194560K, used 131632K [0x000000008d800000, 0x0000000100000000)
  region size 1024K, 42 young (43008K), 1 survivors (1024K)
 Metaspace       used 50125K, capacity 51169K, committed 51456K, reserved 1095680K
  class space    used 5415K, capacity 5819K, committed 5888K, reserved 1048576K
}
Event: 1969,532 GC heap after
{Heap after GC invocations=35 (full 0):
 garbage-first heap   total 194560K, used 91340K [0x000000008d800000, 0x0000000100000000)
  region size 1024K, 1 young (1024K), 1 survivors (1024K)
 Metaspace       used 50125K, capacity 51169K, committed 51456K, reserved 1095680K
  class space    used 5415K, capacity 5819K, committed 5888K, reserved 1048576K
}
Event: 2150,657 GC heap before
{Heap before GC invocations=36 (full 0):
 garbage-first heap   total 194560K, used 163020K [0x000000008d800000, 0x0000000100000000)
  region size 1024K, 67 young (68608K), 1 survivors (1024K)
 Metaspace       used 49623K, capacity 50368K, committed 51456K, reserved 1095680K
  class space    used 5289K, capacity 5576K, committed 5888K, reserved 1048576K
}
Event: 2150,659 GC heap after
{Heap after GC invocations=37 (full 0):
 garbage-first heap   total 194560K, used 98174K [0x000000008d800000, 0x0000000100000000)
  region size 1024K, 3 young (3072K), 3 survivors (3072K)
 Metaspace       used 49623K, capacity 50368K, committed 51456K, reserved 1095680K
  class space    used 5289K, capacity 5576K, committed 5888K, reserved 1048576K
}

