# JRE version: OpenJDK Runtime Environment (11.0.13+8) (build 11.0.13+8-Ubuntu-0ubuntu1.18.04)
# Java VM: OpenJDK 64-Bit Server VM (11.0.13+8-Ubuntu-0ubuntu1.18.04, mixed mode, tiered, compressed oops, g1 gc, linux-amd64)
Heap:
 garbage-first heap   total 193536K, used 113072K [0x000000008d800000, 0x0000000100000000)
  region size 1024K, 32 young (32768K), 2 survivors (2048K)
 Metaspace       used 46663K, capacity 47291K, committed 48512K, reserved 1091584K
  class space    used 4920K, capacity 5162K, committed 5504K, reserved 1048576K
GC Heap History (20 events):
Event: 6458,987 GC heap before
{Heap before GC invocations=22 (full 0):
 garbage-first heap   total 193536K, used 135959K [0x000000008d800000, 0x0000000100000000)
  region size 1024K, 45 young (46080K), 2 survivors (2048K)
 Metaspace       used 45924K, capacity 46599K, committed 48000K, reserved 1091584K
  class space    used 4905K, capacity 5150K, committed 5504K, reserved 1048576K
}
Event: 6458,990 GC heap after
{Heap after GC invocations=23 (full 0):
 garbage-first heap   total 193536K, used 84246K [0x000000008d800000, 0x0000000100000000)
  region size 1024K, 3 young (3072K), 3 survivors (3072K)
 Metaspace       used 45924K, capacity 46599K, committed 48000K, reserved 1091584K
  class space    used 4905K, capacity 5150K, committed 5504K, reserved 1048576K
}
Event: 6478,025 GC heap before
{Heap before GC invocations=23 (full 0):
 garbage-first heap   total 193536K, used 90390K [0x000000008d800000, 0x0000000100000000)
  region size 1024K, 9 young (9216K), 3 survivors (3072K)
 Metaspace       used 45935K, capacity 46599K, committed 48000K, reserved 1091584K
  class space    used 4905K, capacity 5150K, committed 5504K, reserved 1048576K
}
Event: 6478,028 GC heap after
{Heap after GC invocations=24 (full 0):
 garbage-first heap   total 193536K, used 75314K [0x000000008d800000, 0x0000000100000000)
  region size 1024K, 1 young (1024K), 1 survivors (1024K)
 Metaspace       used 45935K, capacity 46599K, committed 48000K, reserved 1091584K
  class space    used 4905K, capacity 5150K, committed 5504K, reserved 1048576K
}
Event: 6652,488 GC heap before
{Heap before GC invocations=24 (full 0):
 garbage-first heap   total 193536K, used 131634K [0x000000008d800000, 0x0000000100000000)
  region size 1024K, 56 young (57344K), 1 survivors (1024K)
 Metaspace       used 45963K, capacity 46599K, committed 48000K, reserved 1091584K
  class space    used 4906K, capacity 5150K, committed 5504K, reserved 1048576K
}
Event: 6652,490 GC heap after
{Heap after GC invocations=25 (full 0):
 garbage-first heap   total 193536K, used 75334K [0x000000008d800000, 0x0000000100000000)
  region size 1024K, 1 young (1024K), 1 survivors (1024K)
 Metaspace       used 45963K, capacity 46599K, committed 48000K, reserved 1091584K
  class space    used 4906K, capacity 5150K, committed 5504K, reserved 1048576K
}
Event: 6984,336 GC heap before
{Heap before GC invocations=25 (full 0):
 garbage-first heap   total 193536K, used 100934K [0x000000008d800000, 0x0000000100000000)
  region size 1024K, 27 young (27648K), 1 survivors (1024K)
 Metaspace       used 46484K, capacity 47175K, committed 48256K, reserved 1091584K
  class space    used 4957K, capacity 5236K, committed 5504K, reserved 1048576K
}
Event: 6984,338 GC heap after
{Heap after GC invocations=26 (full 0):
 garbage-first heap   total 193536K, used 75665K [0x000000008d800000, 0x0000000100000000)
  region size 1024K, 1 young (1024K), 1 survivors (1024K)
 Metaspace       used 46484K, capacity 47175K, committed 48256K, reserved 1091584K
  class space    used 4957K, capacity 5236K, committed 5504K, reserved 1048576K
}
Event: 8248,995 GC heap before
{Heap before GC invocations=27 (full 0):
 garbage-first heap   total 193536K, used 157585K [0x000000008d800000, 0x0000000100000000)
  region size 1024K, 75 young (76800K), 1 survivors (1024K)
 Metaspace       used 46665K, capacity 47371K, committed 48512K, reserved 1091584K
  class space    used 4959K, capacity 5237K, committed 5504K, reserved 1048576K
}
Event: 8248,998 GC heap after
{Heap after GC invocations=28 (full 0):
 garbage-first heap   total 193536K, used 82901K [0x000000008d800000, 0x0000000100000000)
  region size 1024K, 2 young (2048K), 2 survivors (2048K)
 Metaspace       used 46665K, capacity 47371K, committed 48512K, reserved 1091584K
  class space    used 4959K, capacity 5237K, committed 5504K, reserved 1048576K
}
Event: 8268,864 GC heap before
{Heap before GC invocations=28 (full 0):
 garbage-first heap   total 193536K, used 90069K [0x000000008d800000, 0x0000000100000000)
  region size 1024K, 9 young (9216K), 2 survivors (2048K)
 Metaspace       used 46665K, capacity 47371K, committed 48512K, reserved 1091584K
  class space    used 4959K, capacity 5237K, committed 5504K, reserved 1048576K
}
Event: 8268,867 GC heap after
{Heap after GC invocations=29 (full 0):
 garbage-first heap   total 193536K, used 78343K [0x000000008d800000, 0x0000000100000000)
  region size 1024K, 1 young (1024K), 1 survivors (1024K)
 Metaspace       used 46665K, capacity 47371K, committed 48512K, reserved 1091584K
  class space    used 4959K, capacity 5237K, committed 5504K, reserved 1048576K
}
Event: 8517,264 GC heap before
{Heap before GC invocations=29 (full 0):
 garbage-first heap   total 193536K, used 96775K [0x000000008d800000, 0x0000000100000000)
  region size 1024K, 20 young (20480K), 1 survivors (1024K)
 Metaspace       used 46686K, capacity 47375K, committed 48512K, reserved 1091584K
  class space    used 4959K, capacity 5237K, committed 5504K, reserved 1048576K
}
Event: 8517,267 GC heap after
{Heap after GC invocations=30 (full 0):
 garbage-first heap   total 193536K, used 78386K [0x000000008d800000, 0x0000000100000000)
  region size 1024K, 1 young (1024K), 1 survivors (1024K)
 Metaspace       used 46686K, capacity 47375K, committed 48512K, reserved 1091584K
  class space    used 4959K, capacity 5237K, committed 5504K, reserved 1048576K
}
Event: 8816,593 GC heap before
{Heap before GC invocations=31 (full 0):
 garbage-first heap   total 193536K, used 155186K [0x000000008d800000, 0x0000000100000000)
  region size 1024K, 73 young (74752K), 1 survivors (1024K)
 Metaspace       used 46577K, capacity 47163K, committed 48512K, reserved 1091584K
  class space    used 4920K, capacity 5162K, committed 5504K, reserved 1048576K
}
Event: 8816,597 GC heap after
{Heap after GC invocations=32 (full 0):
 garbage-first heap   total 193536K, used 82554K [0x000000008d800000, 0x0000000100000000)
  region size 1024K, 2 young (2048K), 2 survivors (2048K)
 Metaspace       used 46577K, capacity 47163K, committed 48512K, reserved 1091584K
  class space    used 4920K, capacity 5162K, committed 5504K, reserved 1048576K
}
Event: 8891,819 GC heap before
{Heap before GC invocations=32 (full 0):
 garbage-first heap   total 193536K, used 92794K [0x000000008d800000, 0x0000000100000000)
  region size 1024K, 9 young (9216K), 2 survivors (2048K)
 Metaspace       used 46631K, capacity 47227K, committed 48512K, reserved 1091584K
  class space    used 4920K, capacity 5162K, committed 5504K, reserved 1048576K
}
Event: 8891,823 GC heap after
{Heap after GC invocations=33 (full 0):
 garbage-first heap   total 193536K, used 83220K [0x000000008d800000, 0x0000000100000000)
  region size 1024K, 2 young (2048K), 2 survivors (2048K)
 Metaspace       used 46631K, capacity 47227K, committed 48512K, reserved 1091584K
  class space    used 4920K, capacity 5162K, committed 5504K, reserved 1048576K
}
Event: 9080,055 GC heap before
{Heap before GC invocations=33 (full 0):
 garbage-first heap   total 193536K, used 154900K [0x000000008d800000, 0x0000000100000000)
  region size 1024K, 72 young (73728K), 2 survivors (2048K)
 Metaspace       used 46642K, capacity 47227K, committed 48512K, reserved 1091584K
  class space    used 4920K, capacity 5162K, committed 5504K, reserved 1048576K
}
Event: 9080,058 GC heap after
{Heap after GC invocations=34 (full 0):
 garbage-first heap   total 193536K, used 83376K [0x000000008d800000, 0x0000000100000000)
  region size 1024K, 2 young (2048K), 2 survivors (2048K)
 Metaspace       used 46642K, capacity 47227K, committed 48512K, reserved 1091584K
  class space    used 4920K, capacity 5162K, committed 5504K, reserved 1048576K
}

